This is pdfTeXk, Version 3.141592-1.40.3 (Web2C 7.5.6) (format=latex 2010.9.13)  9 JUN 2011 21:04
entering extended mode
 %&-line parsing enabled.
**Localization-PaperWriteupDraft
(./Localization-PaperWriteupDraft.tex
LaTeX2e <2005/12/01>
Babel <v3.8h> and hyphenation patterns for english, usenglishmax, dumylang, noh
yphenation, ukrainian, russian, bulgarian, loaded.
(./Localization-PaperWriteupDraft.cls
(/usr/share/texmf-texlive/tex/latex/graphics/epsfig.sty
Package: epsfig 1999/02/16 v1.7a (e)psfig emulation (SPQR)

(/usr/share/texmf-texlive/tex/latex/graphics/graphicx.sty
Package: graphicx 1999/02/16 v1.0f Enhanced LaTeX Graphics (DPC,SPQR)

(/usr/share/texmf-texlive/tex/latex/graphics/keyval.sty
Package: keyval 1999/03/16 v1.13 key=value parser (DPC)
\KV@toks@=\toks14
)
(/usr/share/texmf-texlive/tex/latex/graphics/graphics.sty
Package: graphics 2006/02/20 v1.0o Standard LaTeX Graphics (DPC,SPQR)

(/usr/share/texmf-texlive/tex/latex/graphics/trig.sty
Package: trig 1999/03/16 v1.09 sin cos tan (DPC)
)
(/etc/texmf/tex/latex/config/graphics.cfg
File: graphics.cfg 2007/01/18 v1.5 graphics configuration of teTeX/TeXLive
)
Package graphics Info: Driver file: dvips.def on input line 90.

(/usr/share/texmf-texlive/tex/latex/graphics/dvips.def
File: dvips.def 1999/02/16 v3.0i Driver-dependant file (DPC,SPQR)
))
\Gin@req@height=\dimen102
\Gin@req@width=\dimen103
)
\epsfxsize=\dimen104
\epsfysize=\dimen105
)
(/usr/share/texmf-texlive/tex/latex/amsfonts/amssymb.sty
Package: amssymb 2002/01/22 v2.2d

(/usr/share/texmf-texlive/tex/latex/amsfonts/amsfonts.sty
Package: amsfonts 2001/10/25 v2.2f
\@emptytoks=\toks15
\symAMSa=\mathgroup4
\symAMSb=\mathgroup5
LaTeX Font Info:    Overwriting math alphabet `\mathfrak' in version `bold'
(Font)                  U/euf/m/n --> U/euf/b/n on input line 132.
))
(/usr/share/texmf-texlive/tex/latex/amsmath/amsmath.sty
Package: amsmath 2000/07/18 v2.13 AMS math features
\@mathmargin=\skip41

For additional information on amsmath, use the `?' option.
(/usr/share/texmf-texlive/tex/latex/amsmath/amstext.sty
Package: amstext 2000/06/29 v2.01

(/usr/share/texmf-texlive/tex/latex/amsmath/amsgen.sty
File: amsgen.sty 1999/11/30 v2.0
\@emptytoks=\toks16
\ex@=\dimen106
))
(/usr/share/texmf-texlive/tex/latex/amsmath/amsbsy.sty
Package: amsbsy 1999/11/29 v1.2d
\pmbraise@=\dimen107
)
(/usr/share/texmf-texlive/tex/latex/amsmath/amsopn.sty
Package: amsopn 1999/12/14 v2.01 operator names
)
\inf@bad=\count79
LaTeX Info: Redefining \frac on input line 211.
\uproot@=\count80
\leftroot@=\count81
LaTeX Info: Redefining \overline on input line 307.
\classnum@=\count82
\DOTSCASE@=\count83
LaTeX Info: Redefining \ldots on input line 379.
LaTeX Info: Redefining \dots on input line 382.
LaTeX Info: Redefining \cdots on input line 467.
\Mathstrutbox@=\box26
\strutbox@=\box27
\big@size=\dimen108
LaTeX Font Info:    Redeclaring font encoding OML on input line 567.
LaTeX Font Info:    Redeclaring font encoding OMS on input line 568.
\macc@depth=\count84
\c@MaxMatrixCols=\count85
\dotsspace@=\muskip10
\c@parentequation=\count86
\dspbrk@lvl=\count87
\tag@help=\toks17
\row@=\count88
\column@=\count89
\maxfields@=\count90
\andhelp@=\toks18
\eqnshift@=\dimen109
\alignsep@=\dimen110
\tagshift@=\dimen111
\tagwidth@=\dimen112
\totwidth@=\dimen113
\lineht@=\dimen114
\@envbody=\toks19
\multlinegap=\skip42
\multlinetaggap=\skip43
\mathdisplay@stack=\toks20
LaTeX Info: Redefining \[ on input line 2666.
LaTeX Info: Redefining \] on input line 2667.
)
Document Class 'sig-alternate' <3rd January '07>. Hacked by Anja Feldmann
Based in part upon document Style `acmconf' <22 May 89>. Hacked 4/91 by
shivers@cs.cmu.edu, 4/93 by theobald@cs.mcgill.ca
Excerpts were taken from (Journal Style) 'esub2acm.cls'.
****** Bugs/comments/suggestions/technicalities to Gerry Murray -- murray@hq.ac
m.org ******
Questions on the style, SIGS policies, etc. to Adrienne Griscti griscti@acm.org

\footheight=\dimen115
\@maxsep=\dimen116
\@dblmaxsep=\dimen117
\aucount=\count91
\originalaucount=\count92
\auwidth=\dimen118
\auskip=\dimen119
\auskipcount=\count93
\auskip=\dimen120
\allauboxes=\dimen121
\addauthors=\toks21
\addauflag=\count94
\subtitletext=\toks22
\savesection=\count95
\sectioncntr=\count96
\c@figure=\count97
\c@table=\count98
\titleboxnotes=\toks23
\titleboxnoteflag=\count99

LaTeX Warning: You have requested document class `Localization-PaperWriteupDraf
t',
               but the document class provides `sig-alternate'.

Document Class: sig-alternate 2007/03/01 - V1.9 - based on acmproc.cls V1.3 <No
v. 30 '99>
(/usr/share/texmf-texlive/tex/latex/base/latexsym.sty
Package: latexsym 1998/08/17 v2.2e Standard LaTeX package (lasy symbols)
\symlasy=\mathgroup6
LaTeX Font Info:    Overwriting symbol font `lasy' in version `bold'
(Font)                  U/lasy/m/n --> U/lasy/b/n on input line 47.
)
\@acmtitlebox=\box28
\titlenotecount=\count100
\tntoks=\toks24
\tntokstwo=\toks25
\tntoksthree=\toks26
\tntoksfour=\toks27
\tntoksfive=\toks28
\catcount=\count101
\copyrightnotice=\toks29
\conf=\toks30
\confinfo=\toks31
\c@part=\count102
\c@section=\count103
\c@subsection=\count104
\c@subsubsection=\count105
\c@paragraph=\count106

Using 'Abbrev' bibliography style
\bibindent=\dimen122
\colcntr=\count107
\savebox=\box29
\copyrtyr=\toks32
\acmcopyr=\toks33
\boilerplate=\toks34
\copyrightetc=\toks35
) (./caption.sty
Package: caption 2006/03/21 v3.0j Customising captions (AR)
 (./caption3.sty
Package: caption3 2006/03/16 v3.0j caption3 kernel (AR)
\captionmargin=\dimen123
\captionmarginx=\dimen124
\captionwidth=\dimen125
\captionindent=\dimen126
\captionparindent=\dimen127
\captionhangindent=\dimen128
\abovecaptionskip=\skip44
\belowcaptionskip=\skip45
)) (./subfig.sty
Package: subfig 2005/06/28 ver: 1.3 subfig package


Package subfig Warning: Your document class has a bad definition
 of \endfigure, most likely
 \let\endfigure=\end@float
 which has now been changed to
 \def\endfigure{\end@float}
 because otherwise subsequent changes to \end@float
 (like done by several packages changing float behaviour)
 can't take effect on \endfigure.
 Please complain to your document class author.


Package subfig Warning: Your document class has a bad definition
 of \endtable, most likely
 \let\endtable=\end@float
 which has now been changed to
 \def\endtable{\end@float}
 because otherwise subsequent changes to \end@float
 (like done by several packages changing float behaviour)
 can't take effect on \endtable.
 Please complain to your document class author.

\c@KVtest=\count108
\sf@farskip=\skip46
\sf@captopadj=\dimen129
\sf@capskip=\skip47
\sf@nearskip=\skip48
\c@subfigure=\count109
\c@subfigure@save=\count110
\c@lofdepth=\count111
\c@subtable=\count112
\c@subtable@save=\count113
\c@lotdepth=\count114
\sf@top=\skip49
\sf@bottom=\skip50
) (./Localization-PaperWriteupDraft.aux)
\openout1 = `Localization-PaperWriteupDraft.aux'.

LaTeX Font Info:    Checking defaults for OML/cmm/m/it on input line 54.
LaTeX Font Info:    ... okay on input line 54.
LaTeX Font Info:    Checking defaults for T1/cmr/m/n on input line 54.
LaTeX Font Info:    ... okay on input line 54.
LaTeX Font Info:    Checking defaults for OT1/cmr/m/n on input line 54.
LaTeX Font Info:    ... okay on input line 54.
LaTeX Font Info:    Checking defaults for OMS/cmsy/m/n on input line 54.
LaTeX Font Info:    ... okay on input line 54.
LaTeX Font Info:    Checking defaults for OMX/cmex/m/n on input line 54.
LaTeX Font Info:    ... okay on input line 54.
LaTeX Font Info:    Checking defaults for U/cmr/m/n on input line 54.
LaTeX Font Info:    ... okay on input line 54.
 (./ragged2e.sty
Package: ragged2e 2003/03/25 v2.04 ragged2e Package (MS)
 (./everysel.sty
Package: everysel 1999/06/08 v1.03 EverySelectfont Package (MS)
LaTeX Info: Redefining \selectfont on input line 125.
)
\CenteringLeftskip=\skip51
\RaggedLeftLeftskip=\skip52
\RaggedRightLeftskip=\skip53
\CenteringRightskip=\skip54
\RaggedLeftRightskip=\skip55
\RaggedRightRightskip=\skip56
\CenteringParfillskip=\skip57
\RaggedLeftParfillskip=\skip58
\RaggedRightParfillskip=\skip59
\JustifyingParfillskip=\skip60
\CenteringParindent=\skip61
\RaggedLeftParindent=\skip62
\RaggedRightParindent=\skip63
\JustifyingParindent=\skip64
)
LaTeX Font Info:    Try loading font information for U+msa on input line 131.

(/usr/share/texmf-texlive/tex/latex/amsfonts/umsa.fd
File: umsa.fd 2002/01/19 v2.2g AMS font definitions
)
LaTeX Font Info:    Try loading font information for U+msb on input line 131.

(/usr/share/texmf-texlive/tex/latex/amsfonts/umsb.fd
File: umsb.fd 2002/01/19 v2.2g AMS font definitions
)
LaTeX Font Info:    Try loading font information for U+lasy on input line 131.

(/usr/share/texmf-texlive/tex/latex/base/ulasy.fd
File: ulasy.fd 1998/08/17 v2.2e LaTeX symbol font definitions
)
Overfull \hbox (5.51523pt too wide) in paragraph at lines 131--131
 []\eaddfnt agoswami@cs.sunysb.edu| 
 []


Overfull \hbox (2.10747pt too wide) in paragraph at lines 138--146
[]\ninept Current state-of-the art in-door lo-cal-iza-tion tech-niques have
 []


Overfull \hbox (13.56808pt too wide) in paragraph at lines 138--146
\ninept in-tro-duc-tion of un-mod-eled hard-ware with het-ero-ge-neous power-
 []


Underfull \vbox (badness 10000) has occurred while \output is active []

 [1


]
Overfull \hbox (4.72269pt too wide) in paragraph at lines 187--188
\OT1/cmr/m/n/10 ture based model of lo-ca-tion de-ter-mi-na-tion sys-tems while

 []


Overfull \hbox (1.33368pt too wide) in paragraph at lines 187--188
\OT1/cmr/m/n/10 snif-fers or ac-cess points which ex-tract the sig-nal strength

 []


Underfull \vbox (badness 10000) has occurred while \output is active []


Overfull \hbox (2.83376pt too wide) in paragraph at lines 213--217
\OT1/cmr/m/n/10 hard-ware and trans-mis-sion power which can sig-nif-i-cantly
 []


Overfull \hbox (12.76894pt too wide) in paragraph at lines 231--245
[]\OT1/cmr/m/n/10 In [19] Tao et al. have an in-ter-est-ing take on unmodelled-

 []


Overfull \hbox (5.089pt too wide) in paragraph at lines 231--245
\OT1/cmr/m/it/10 online\OT1/cmr/m/n/10 -training and \OT1/cmr/m/it/10 of-fline 
\OT1/cmr/m/n/10 location-determination model.
 []

[2]
File: Figs4Paper/GaussianDistr/gaussian.eps Graphic file (type eps)
 <Figs4Paper/GaussianDistr/gaussian.eps>
File: Figs4Paper/TxPower/Tx_PowerLevels.eps Graphic file (type eps)

<Figs4Paper/TxPower/Tx_PowerLevels.eps>
File: Figs4Paper/gmm.eps Graphic file (type eps)
 <Figs4Paper/gmm.eps>
Overfull \hbox (10.55591pt too wide) in paragraph at lines 341--345
[]\OT1/cmr/m/n/10 Figure 2[] shows how the ob-served sig-nal strength changes
 []

LaTeX Font Info:    Try loading font information for OMS+cmr on input line 354.

(/usr/share/texmf-texlive/tex/latex/base/omscmr.fd
File: omscmr.fd 1999/05/25 v2.5h Standard LaTeX font definitions
)
LaTeX Font Info:    Font shape `OMS/cmr/m/n' in size <10> not available
(Font)              Font shape `OMS/cmsy/m/n' tried instead on input line 354.

Underfull \hbox (badness 10000) in paragraph at lines 354--355

 []

[3]
Overfull \hbox (1.5298pt too wide) in paragraph at lines 478--478
[] 
 []

[4]
File: Figs4Paper/CEWIT/CEWIT-Map1.eps Graphic file (type eps)
 <Figs4Paper/CEWIT/CEWIT-Map1.eps>
File: Figs4Paper/CSD/CSD-Map1.eps Graphic file (type eps)
 <Figs4Paper/CSD/CSD-Map1.eps> [5]
Overfull \hbox (1.11153pt too wide) in paragraph at lines 586--587
\OT1/cmr/m/n/10 with the snif-fer de-vices us-ing the pre-existing in-building
 []


Overfull \hbox (6.02827pt too wide) in paragraph at lines 586--587
\OT1/cmr/m/n/10 func-tion-al-ity might be in-te-grated di-rectly into the WLAN
 []

File: Figs4Paper/CEWIT/PowerPlot4Paper_CEWIT/PwrLvlPlot_cewit.eps Graphic file 
(type eps)
<Figs4Paper/CEWIT/PowerPlot4Paper_CEWIT/PwrLvlPlot_cewit.eps>
File: Figs4Paper/CSD/PowerPlot4Paper_CSD/PwrLvlPlot_csd.eps Graphic file (type 
eps)

<Figs4Paper/CSD/PowerPlot4Paper_CSD/PwrLvlPlot_csd.eps> [6]
Overfull \hbox (6.30486pt too wide) in paragraph at lines 638--639
[]\OT1/cmr/m/n/10 As men-tioned in Sec-tion 6.4[] above, the CE-WIT testbed
 []

File: Figs4Paper/CEWIT/LearningSize4Paper_CEWIT/LearningSetSize_cewit.eps Graph
ic file (type eps)
<Figs4Paper/CEWIT/LearningSize4Paper_CEWIT/LearningSetSize_cewit.eps>
File: Figs4Paper/CEWIT/Baseline4Paper_CEWIT/BaselineComparisonsMedianError_cewi
t.eps Graphic file (type eps)

<Figs4Paper/CEWIT/Baseline4Paper_CEWIT/BaselineComparisonsMedianError_cewit.eps
>
File: Figs4Paper/CSD/Baseline4Paper_CSD/BaselineComparisonsMedianError_csd.eps 
Graphic file (type eps)
 <Figs4Paper/CSD/Baseline4Paper_CSD/BaselineComparisonsMedianError_csd.eps>
[7]
File: Figs4Paper/CEWIT/HRComparisons4Paper_CEWIT/HRComparisonsMedianError_Proba
bilistic_cewit.eps Graphic file (type eps)

<Figs4Paper/CEWIT/HRComparisons4Paper_CEWIT/HRComparisonsMedianError_Probabilis
tic_cewit.eps>
File: Figs4Paper/CEWIT/HRComparisons4Paper_CEWIT/HRComparisonsMedianError_RADAR
_cewit.eps Graphic file (type eps)

<Figs4Paper/CEWIT/HRComparisons4Paper_CEWIT/HRComparisonsMedianError_RADAR_cewi
t.eps>
File: Figs4Paper/CSD/HRComparisons4Paper_CSD/HRComparisonsMedianError_Probabili
stic_csd.eps Graphic file (type eps)

<Figs4Paper/CSD/HRComparisons4Paper_CSD/HRComparisonsMedianError_Probabilistic_
csd.eps>
File: Figs4Paper/CSD/HRComparisons4Paper_CSD/HRComparisonsMedianError_RADAR_csd
.eps Graphic file (type eps)

<Figs4Paper/CSD/HRComparisons4Paper_CSD/HRComparisonsMedianError_RADAR_csd.eps>

Overfull \hbox (4.6651pt too wide) in paragraph at lines 707--707
[]\secfnt Comparisons with schemes that use RF sig-
 []

[8]
Underfull \vbox (badness 10000) has occurred while \output is active []

File: Figs4Paper/CEWIT/MobilityPlot4paper_CEWIT/Mobility_cewit.eps Graphic file
 (type eps)

<Figs4Paper/CEWIT/MobilityPlot4paper_CEWIT/Mobility_cewit.eps>
File: Figs4Paper/CSD/MobilityPlot4paper_CSD/Mobility_csd.eps Graphic file (type
 eps)

<Figs4Paper/CSD/MobilityPlot4paper_CSD/Mobility_csd.eps>
Overfull \hbox (6.00034pt too wide) in paragraph at lines 738--739
[]\OT1/cmr/m/n/10 Hardware vari-ance is a ma-jor is-sue for both RADAR
 []


Overfull \hbox (13.61151pt too wide) in paragraph at lines 740--741
[]\OT1/cmr/m/n/10 When the gran-u-lar-ity of sam-pling is re-duced, RADAR
 []


Overfull \hbox (4.41713pt too wide) in paragraph at lines 740--741
\OT1/cmr/m/n/10 and Prob-a-bilis-tic start show-ing sub-stan-tially poorer
 []

[9]
Overfull \hbox (7.7255pt too wide) in paragraph at lines 772--772
[]\secfnt PLACEHOLDER. BIBREF. (TO RE-MOVE) 
 []


Overfull \hbox (26.01442pt too wide) in paragraph at lines 773--795
[]\OT1/cmr/m/n/10 Haeberlen04 [12], Gwon04 [11], El-nahraway04 [8], Moraes06
 []


Overfull \hbox (16.19504pt too wide) in paragraph at lines 773--795
\OT1/cmr/m/n/10 [15], Tsui09 [20], Chin-ta-la-pudi10 [6], Ladd02 [14], Youssef0
3
 []

(./Localization-PaperWriteupDraft.bbl [10]
Underfull \vbox (badness 10000) has occurred while \output is active []

Missing character: There is no Ã in font cmr10!
Missing character: There is no ¤ in font cmr10!
Missing character: There is no Ã in font cmr10!
Missing character: There is no ¤ in font cmr10!
) [11]
(./Localization-PaperWriteupDraft.aux) ) 
Here is how much of TeX's memory you used:
 2319 strings out of 94835
 32632 string characters out of 1179204
 89910 words of memory out of 1500000
 5458 multiletter control sequences out of 10000+50000
 36162 words of font info for 51 fonts, out of 1200000 for 2000
 212 hyphenation exceptions out of 8191
 39i,11n,39p,1610b,326s stack positions out of 5000i,500n,6000p,200000b,5000s

Output written on Localization-PaperWriteupDraft.dvi (11 pages, 69512 bytes).
