This is pdfTeX, Version 3.14159265-2.6-1.40.18 (MiKTeX 2.9.6300 64-bit) (preloaded format=pdflatex 2017.5.15)  12 JUN 2017 19:31
entering extended mode
**./main_trials.tex
(main_trials.tex
LaTeX2e <2017-04-15>
Babel <3.9r> and hyphenation patterns for 75 language(s) loaded.
(sig-alternate-10pt-CoNEXT.cls ("C:\Program Files\MiKTeX 2.9\tex\latex\graphics\epsfig.sty"
Package: epsfig 1999/02/16 v1.7a (e)psfig emulation (SPQR)

("C:\Program Files\MiKTeX 2.9\tex\latex\graphics\graphicx.sty"
Package: graphicx 2014/10/28 v1.0g Enhanced LaTeX Graphics (DPC,SPQR)

("C:\Program Files\MiKTeX 2.9\tex\latex\graphics\keyval.sty"
Package: keyval 2014/10/28 v1.15 key=value parser (DPC)
\KV@toks@=\toks14
)
("C:\Program Files\MiKTeX 2.9\tex\latex\graphics\graphics.sty"
Package: graphics 2017/04/14 v1.1b Standard LaTeX Graphics (DPC,SPQR)
 ("C:\Program Files\MiKTeX 2.9\tex\latex\graphics\trig.sty"
Package: trig 2016/01/03 v1.10 sin cos tan (DPC)
) ("C:\Program Files\MiKTeX 2.9\tex\latex\graphics-cfg\graphics.cfg"
File: graphics.cfg 2016/06/04 v1.11 sample graphics configuration
)
Package graphics Info: Driver file: pdftex.def on input line 99.

("C:\Program Files\MiKTeX 2.9\tex\latex\graphics-def\pdftex.def"
File: pdftex.def 2017/01/12 v0.06k Graphics/color for pdfTeX

("C:\Program Files\MiKTeX 2.9\tex\generic\oberdiek\infwarerr.sty"
Package: infwarerr 2016/05/16 v1.4 Providing info/warning/error messages (HO)
)
("C:\Program Files\MiKTeX 2.9\tex\generic\oberdiek\ltxcmds.sty"
Package: ltxcmds 2016/05/16 v1.23 LaTeX kernel commands for general use (HO)
)
\Gread@gobject=\count79
))
\Gin@req@height=\dimen102
\Gin@req@width=\dimen103
)
\epsfxsize=\dimen104
\epsfysize=\dimen105
)
("C:\Program Files\MiKTeX 2.9\tex\latex\amsfonts\amssymb.sty"
Package: amssymb 2013/01/14 v3.01 AMS font symbols

("C:\Program Files\MiKTeX 2.9\tex\latex\amsfonts\amsfonts.sty"
Package: amsfonts 2013/01/14 v3.01 Basic AMSFonts support
\@emptytoks=\toks15
\symAMSa=\mathgroup4
\symAMSb=\mathgroup5
LaTeX Font Info:    Overwriting math alphabet `\mathfrak' in version `bold'
(Font)                  U/euf/m/n --> U/euf/b/n on input line 106.
))
("C:\Program Files\MiKTeX 2.9\tex\latex\amsmath\amsmath.sty"
Package: amsmath 2016/11/05 v2.16a AMS math features
\@mathmargin=\skip41

For additional information on amsmath, use the `?' option.
("C:\Program Files\MiKTeX 2.9\tex\latex\amsmath\amstext.sty"
Package: amstext 2000/06/29 v2.01 AMS text
 ("C:\Program Files\MiKTeX 2.9\tex\latex\amsmath\amsgen.sty"
File: amsgen.sty 1999/11/30 v2.0 generic functions
\@emptytoks=\toks16
\ex@=\dimen106
)) ("C:\Program Files\MiKTeX 2.9\tex\latex\amsmath\amsbsy.sty"
Package: amsbsy 1999/11/29 v1.2d Bold Symbols
\pmbraise@=\dimen107
)
("C:\Program Files\MiKTeX 2.9\tex\latex\amsmath\amsopn.sty"
Package: amsopn 2016/03/08 v2.02 operator names
)
\inf@bad=\count80
LaTeX Info: Redefining \frac on input line 213.
\uproot@=\count81
\leftroot@=\count82
LaTeX Info: Redefining \overline on input line 375.
\classnum@=\count83
\DOTSCASE@=\count84
LaTeX Info: Redefining \ldots on input line 472.
LaTeX Info: Redefining \dots on input line 475.
LaTeX Info: Redefining \cdots on input line 596.
\Mathstrutbox@=\box26
\strutbox@=\box27
\big@size=\dimen108
LaTeX Font Info:    Redeclaring font encoding OML on input line 712.
LaTeX Font Info:    Redeclaring font encoding OMS on input line 713.
\macc@depth=\count85
\c@MaxMatrixCols=\count86
\dotsspace@=\muskip10
\c@parentequation=\count87
\dspbrk@lvl=\count88
\tag@help=\toks17
\row@=\count89
\column@=\count90
\maxfields@=\count91
\andhelp@=\toks18
\eqnshift@=\dimen109
\alignsep@=\dimen110
\tagshift@=\dimen111
\tagwidth@=\dimen112
\totwidth@=\dimen113
\lineht@=\dimen114
\@envbody=\toks19
\multlinegap=\skip42
\multlinetaggap=\skip43
\mathdisplay@stack=\toks20
LaTeX Info: Redefining \[ on input line 2817.
LaTeX Info: Redefining \] on input line 2818.
)
Document Class 'sig-alternate' <3rd January '07>. Hacked by Anja Feldmann
Based in part upon document Style `acmconf' <22 May 89>. Hacked 4/91 by
shivers@cs.cmu.edu, 4/93 by theobald@cs.mcgill.ca
Excerpts were taken from (Journal Style) 'esub2acm.cls'.
****** Bugs/comments/suggestions/technicalities to Gerry Murray -- murray@hq.acm.org ******
Questions on the style, SIGS policies, etc. to Adrienne Griscti griscti@acm.org
\footheight=\dimen115
\@maxsep=\dimen116
\@dblmaxsep=\dimen117
\aucount=\count92
\originalaucount=\count93
\auwidth=\dimen118
\auskip=\dimen119
\auskipcount=\count94
\auskip=\dimen120
\allauboxes=\dimen121
\addauthors=\toks21
\addauflag=\count95
\subtitletext=\toks22
\savesection=\count96
\sectioncntr=\count97
\c@figure=\count98
\c@table=\count99
\titleboxnotes=\toks23
\titleboxnoteflag=\count100

LaTeX Warning: You have requested document class `sig-alternate-10pt-CoNEXT',
               but the document class provides `sig-alternate'.

Document Class: sig-alternate 2007/03/01 - V1.9 - based on acmproc.cls V1.3 <Nov. 30 '99>
("C:\Program Files\MiKTeX 2.9\tex\latex\base\latexsym.sty"
Package: latexsym 1998/08/17 v2.2e Standard LaTeX package (lasy symbols)
\symlasy=\mathgroup6
LaTeX Font Info:    Overwriting symbol font `lasy' in version `bold'
(Font)                  U/lasy/m/n --> U/lasy/b/n on input line 52.
)
\@acmtitlebox=\box28
\titlenotecount=\count101
\tntoks=\toks24
\tntokstwo=\toks25
\tntoksthree=\toks26
\tntoksfour=\toks27
\tntoksfive=\toks28
\catcount=\count102
\copyrightnotice=\toks29
\conf=\toks30
\confinfo=\toks31
\c@part=\count103
\c@section=\count104
\c@subsection=\count105
\c@subsubsection=\count106
\c@paragraph=\count107

Using 'Abbrev' bibliography style
\bibindent=\dimen122
\colcntr=\count108
\savebox=\box29
\copyrtyr=\toks32
\acmcopyr=\toks33
\boilerplate=\toks34
\copyrightetc=\toks35
) (caption.sty
Package: caption 2006/03/21 v3.0j Customising captions (AR)
 (caption3.sty
Package: caption3 2006/03/16 v3.0j caption3 kernel (AR)
\captionmargin=\dimen123
\captionmarginx=\dimen124
\captionwidth=\dimen125
\captionindent=\dimen126
\captionparindent=\dimen127
\captionhangindent=\dimen128
\abovecaptionskip=\skip44
\belowcaptionskip=\skip45
)) (subfig.sty
Package: subfig 2005/06/28 ver: 1.3 subfig package


Package subfig Warning: Your document class has a bad definition
 of \endfigure, most likely
 \let\endfigure=\end@float
 which has now been changed to
 \def\endfigure{\end@float}
 because otherwise subsequent changes to \end@float
 (like done by several packages changing float behaviour)
 can't take effect on \endfigure.
 Please complain to your document class author.


Package subfig Warning: Your document class has a bad definition
 of \endtable, most likely
 \let\endtable=\end@float
 which has now been changed to
 \def\endtable{\end@float}
 because otherwise subsequent changes to \end@float
 (like done by several packages changing float behaviour)
 can't take effect on \endtable.
 Please complain to your document class author.

\c@KVtest=\count109
\sf@farskip=\skip46
\sf@captopadj=\dimen129
\sf@capskip=\skip47
\sf@nearskip=\skip48
\c@subfigure=\count110
\c@subfigure@save=\count111
\c@lofdepth=\count112
\c@subtable=\count113
\c@subtable@save=\count114
\c@lotdepth=\count115
\sf@top=\skip49
\sf@bottom=\skip50
) ("C:\Program Files\MiKTeX 2.9\tex\latex\oberdiek\epstopdf.sty"
Package: epstopdf 2016/05/15 v2.6 Conversion with epstopdf on the fly (HO)

("C:\Program Files\MiKTeX 2.9\tex\latex\oberdiek\epstopdf-base.sty"
Package: epstopdf-base 2016/05/15 v2.6 Base part for package epstopdf

("C:\Program Files\MiKTeX 2.9\tex\latex\oberdiek\grfext.sty"
Package: grfext 2016/05/16 v1.2 Manage graphics extensions (HO)

("C:\Program Files\MiKTeX 2.9\tex\generic\oberdiek\kvdefinekeys.sty"
Package: kvdefinekeys 2016/05/16 v1.4 Define keys (HO)
))
("C:\Program Files\MiKTeX 2.9\tex\latex\oberdiek\kvoptions.sty"
Package: kvoptions 2016/05/16 v3.12 Key value format for package options (HO)

("C:\Program Files\MiKTeX 2.9\tex\generic\oberdiek\kvsetkeys.sty"
Package: kvsetkeys 2016/05/16 v1.17 Key value parser (HO)

("C:\Program Files\MiKTeX 2.9\tex\generic\oberdiek\etexcmds.sty"
Package: etexcmds 2016/05/16 v1.6 Avoid name clashes with e-TeX commands (HO)

("C:\Program Files\MiKTeX 2.9\tex\generic\oberdiek\ifluatex.sty"
Package: ifluatex 2016/05/16 v1.4 Provides the ifluatex switch (HO)
Package ifluatex Info: LuaTeX not detected.
)
Package etexcmds Info: Could not find \expanded.
(etexcmds)             That can mean that you are not using pdfTeX 1.50 or
(etexcmds)             that some package has redefined \expanded.
(etexcmds)             In the latter case, load this package earlier.
)))
("C:\Program Files\MiKTeX 2.9\tex\generic\oberdiek\pdftexcmds.sty"
Package: pdftexcmds 2017/03/19 v0.25 Utility functions of pdfTeX for LuaTeX (HO)

("C:\Program Files\MiKTeX 2.9\tex\generic\oberdiek\ifpdf.sty"
Package: ifpdf 2017/03/15 v3.2 Provides the ifpdf switch
)
Package pdftexcmds Info: LuaTeX not detected.
Package pdftexcmds Info: \pdf@primitive is available.
Package pdftexcmds Info: \pdf@ifprimitive is available.
Package pdftexcmds Info: \pdfdraftmode found.
)
Package epstopdf-base Info: Redefining graphics rule for `.eps' on input line 438.
Package grfext Info: Graphics extension search list:
(grfext)             [.png,.pdf,.jpg,.mps,.jpeg,.jbig2,.jb2,.PNG,.PDF,.JPG,.JPEG,.JBIG2,.JB2,.eps]
(grfext)             \AppendGraphicsExtensions on input line 456.
))
("C:\Program Files\MiKTeX 2.9\tex\latex\graphics\color.sty"
Package: color 2016/07/10 v1.1e Standard LaTeX Color (DPC)

("C:\Program Files\MiKTeX 2.9\tex\latex\graphics-cfg\color.cfg"
File: color.cfg 2016/01/02 v1.6 sample color configuration
)
Package color Info: Driver file: pdftex.def on input line 147.
) ("C:\Program Files\MiKTeX 2.9\tex\latex\ulem\ulem.sty"
\UL@box=\box30
\UL@hyphenbox=\box31
\UL@skip=\skip51
\UL@hook=\toks36
\UL@height=\dimen130
\UL@pe=\count116
\UL@pixel=\dimen131
\ULC@box=\box32
Package: ulem 2012/05/18
\ULdepth=\dimen132
) ("C:\Program Files\MiKTeX 2.9\tex\latex\url\url.sty"
\Urlmuskip=\muskip11
Package: url 2013/09/16  ver 3.4  Verb mode for urls, etc.
) (main_trials.aux)
\openout1 = `main_trials.aux'.

LaTeX Font Info:    Checking defaults for OML/cmm/m/it on input line 23.
LaTeX Font Info:    ... okay on input line 23.
LaTeX Font Info:    Checking defaults for T1/cmr/m/n on input line 23.
LaTeX Font Info:    ... okay on input line 23.
LaTeX Font Info:    Checking defaults for OT1/cmr/m/n on input line 23.
LaTeX Font Info:    ... okay on input line 23.
LaTeX Font Info:    Checking defaults for OMS/cmsy/m/n on input line 23.
LaTeX Font Info:    ... okay on input line 23.
LaTeX Font Info:    Checking defaults for OMX/cmex/m/n on input line 23.
LaTeX Font Info:    ... okay on input line 23.
LaTeX Font Info:    Checking defaults for U/cmr/m/n on input line 23.
LaTeX Font Info:    ... okay on input line 23.

("C:\Program Files\MiKTeX 2.9\tex\context\base\supp-pdf.mkii"
[Loading MPS to PDF converter (version 2006.09.02).]
\scratchcounter=\count117
\scratchdimen=\dimen133
\scratchbox=\box33
\nofMPsegments=\count118
\nofMParguments=\count119
\everyMPshowfont=\toks37
\MPscratchCnt=\count120
\MPscratchDim=\dimen134
\MPnumerator=\count121
\makeMPintoPDFobject=\count122
\everyMPtoPDFconversion=\toks38
) (ragged2e.sty
Package: ragged2e 2003/03/25 v2.04 ragged2e Package (MS)
 (everysel.sty
Package: everysel 1999/06/08 v1.03 EverySelectfont Package (MS)
LaTeX Info: Redefining \selectfont on input line 125.
)
\CenteringLeftskip=\skip52
\RaggedLeftLeftskip=\skip53
\RaggedRightLeftskip=\skip54
\CenteringRightskip=\skip55
\RaggedLeftRightskip=\skip56
\RaggedRightRightskip=\skip57
\CenteringParfillskip=\skip58
\RaggedLeftParfillskip=\skip59
\RaggedRightParfillskip=\skip60
\JustifyingParfillskip=\skip61
\CenteringParindent=\skip62
\RaggedLeftParindent=\skip63
\RaggedRightParindent=\skip64
\JustifyingParindent=\skip65
)
LaTeX Font Info:    Try loading font information for U+msa on input line 98.
 ("C:\Program Files\MiKTeX 2.9\tex\latex\amsfonts\umsa.fd"
File: umsa.fd 2013/01/14 v3.01 AMS symbols A
)
LaTeX Font Info:    Try loading font information for U+msb on input line 98.

("C:\Program Files\MiKTeX 2.9\tex\latex\amsfonts\umsb.fd"
File: umsb.fd 2013/01/14 v3.01 AMS symbols B
)
LaTeX Font Info:    Try loading font information for U+lasy on input line 98.
 ("C:\Program Files\MiKTeX 2.9\tex\latex\base\ulasy.fd"
File: ulasy.fd 1998/08/17 v2.2e LaTeX symbol font definitions
)
Overfull \hbox (1.16821pt too wide) in paragraph at lines 100--108
\ninept of un-mod-eled hard-ware with het-ero-ge-neous power lev-els fur-
 []

(intro.tex
Underfull \vbox (badness 10000) has occurred while \output is active []

 [1{C:/ProgramData/MiKTeX/2.9/pdftex/config/pdftex.map}


]) (related.tex
Underfull \hbox (badness 10000) in paragraph at lines 4--8

 []


Underfull \hbox (badness 10000) in paragraph at lines 11--13

 []

[2]
Underfull \hbox (badness 10000) in paragraph at lines 14--16

 []


Underfull \vbox (badness 10000) has occurred while \output is active []


Underfull \hbox (badness 10000) in paragraph at lines 20--21

 []

) (gmm.tex [3]
Package epstopdf Info: Source file: <Figs4Paper/NewGaussian/distr7.eps>
(epstopdf)                    date: 2017-05-15 16:15:48
(epstopdf)                    size: 3485669 bytes
(epstopdf)             Output file: <Figs4Paper/NewGaussian/distr7-eps-converted-to.pdf>
(epstopdf)                    date: 2017-06-03 14:21:21
(epstopdf)                    size: 15861 bytes
(epstopdf)             Command: <epstopdf --outfile=Figs4Paper/NewGaussian/distr7-eps-converted-to.pdf Figs4Paper/NewGau
ssian/distr7.eps>
(epstopdf)             \includegraphics on input line 23.
Package epstopdf Info: Output file is already uptodate.
 <Figs4Paper/NewGaussian/distr7-eps-converted-to.pdf, id=19, 421.575pt x 317.185pt>
File: Figs4Paper/NewGaussian/distr7-eps-converted-to.pdf Graphic file (type pdf)

<use Figs4Paper/NewGaussian/distr7-eps-converted-to.pdf>
Package pdftex.def Info: Figs4Paper/NewGaussian/distr7-eps-converted-to.pdf used on input line 23.
(pdftex.def)             Requested size: 115.62791pt x 90.33574pt.
Package epstopdf Info: Source file: <Figs4Paper/NewGaussian/qqplot2.eps>
(epstopdf)                    date: 2017-05-15 16:15:48
(epstopdf)                    size: 60740 bytes
(epstopdf)             Output file: <Figs4Paper/NewGaussian/qqplot2-eps-converted-to.pdf>
(epstopdf)                    date: 2017-05-15 16:15:48
(epstopdf)                    size: 17870 bytes
(epstopdf)             Command: <epstopdf --outfile=Figs4Paper/NewGaussian/qqplot2-eps-converted-to.pdf Figs4Paper/NewGa
ussian/qqplot2.eps>
(epstopdf)             \includegraphics on input line 24.
Package epstopdf Info: Output file is already uptodate.

<Figs4Paper/NewGaussian/qqplot2-eps-converted-to.pdf, id=20, 420.57124pt x 316.18124pt>
File: Figs4Paper/NewGaussian/qqplot2-eps-converted-to.pdf Graphic file (type pdf)

<use Figs4Paper/NewGaussian/qqplot2-eps-converted-to.pdf>
Package pdftex.def Info: Figs4Paper/NewGaussian/qqplot2-eps-converted-to.pdf used on input line 24.
(pdftex.def)             Requested size: 115.62857pt x 90.33452pt.
LaTeX Font Info:    Try loading font information for OMS+cmr on input line 45.
 ("C:\Program Files\MiKTeX 2.9\tex\latex\base\omscmr.fd"
File: omscmr.fd 2014/09/29 v2.5h Standard LaTeX font definitions
)
LaTeX Font Info:    Font shape `OMS/cmr/m/n' in size <10> not available
(Font)              Font shape `OMS/cmsy/m/n' tried instead on input line 45.
Package epstopdf Info: Source file: <Figs4Paper/GMM/gmm4.eps>
(epstopdf)                    date: 2017-05-15 16:15:47
(epstopdf)                    size: 99097 bytes
(epstopdf)             Output file: <Figs4Paper/GMM/gmm4-eps-converted-to.pdf>
(epstopdf)                    date: 2017-05-15 16:15:47
(epstopdf)                    size: 27682 bytes
(epstopdf)             Command: <epstopdf --outfile=Figs4Paper/GMM/gmm4-eps-converted-to.pdf Figs4Paper/GMM/gmm4.eps>
(epstopdf)             \includegraphics on input line 70.
Package epstopdf Info: Output file is already uptodate.

<Figs4Paper/GMM/gmm4-eps-converted-to.pdf, id=21, 643.40375pt x 403.5075pt>
File: Figs4Paper/GMM/gmm4-eps-converted-to.pdf Graphic file (type pdf)

<use Figs4Paper/GMM/gmm4-eps-converted-to.pdf>
Package pdftex.def Info: Figs4Paper/GMM/gmm4-eps-converted-to.pdf used on input line 70.
(pdftex.def)             Requested size: 138.28001pt x 86.72377pt.
 [4 <./Figs4Paper/NewGaussian/distr7-eps-converted-to.pdf> <./Figs4Paper/NewGaussian/qqplot2-eps-converted-to.pdf> <./Fi
gs4Paper/GMM/gmm4-eps-converted-to.pdf>]
Overfull \hbox (5.19258pt too wide) in paragraph at lines 110--113
\OT1/cmr/m/n/10 This lends sim-plic-ity to our model since the term $\OML/cmm/m/it/10 p\OT1/cmr/m/n/10 (\OT1/cmr/bx/n/10
 s\OMS/cmsy/m/n/10 j\OT1/cmr/bx/n/10 x\OML/cmm/m/it/10 ; \OT1/cmr/bx/n/10 z\OT1/cmr/m/n/10 )$
 []

LaTeX Font Info:    Font shape `U/lasy/b/n' in size <7> not available
(Font)              Font shape `U/lasy/m/n' tried instead on input line 121.
LaTeX Font Info:    Font shape `U/lasy/b/n' in size <5> not available
(Font)              Font shape `U/lasy/m/n' tried instead on input line 121.
) (em-algorithm.tex
Underfull \hbox (badness 10000) in paragraph at lines 13--19

 []


Overfull \hbox (1.5298pt too wide) in paragraph at lines 25--25
[] 
 []

[5]
Package epstopdf Info: Source file: <Figs4Paper/CEWIT/GMM-LogLikelihood/LogLikelihood.eps>
(epstopdf)                    date: 2017-05-15 16:15:47
(epstopdf)                    size: 37402 bytes
(epstopdf)             Output file: <Figs4Paper/CEWIT/GMM-LogLikelihood/LogLikelihood-eps-converted-to.pdf>
(epstopdf)                    date: 2017-05-15 16:15:47
(epstopdf)                    size: 32375 bytes
(epstopdf)             Command: <epstopdf --outfile=Figs4Paper/CEWIT/GMM-LogLikelihood/LogLikelihood-eps-converted-to.pd
f Figs4Paper/CEWIT/GMM-LogLikelihood/LogLikelihood.eps>
(epstopdf)             \includegraphics on input line 55.
Package epstopdf Info: Output file is already uptodate.
 <Figs4Paper/CEWIT/GMM-LogLikelihood/LogLikelihood-eps-converted-to.pdf, id=51, 361.35pt x 252.945pt>
File: Figs4Paper/CEWIT/GMM-LogLikelihood/LogLikelihood-eps-converted-to.pdf Graphic file (type pdf)

<use Figs4Paper/CEWIT/GMM-LogLikelihood/LogLikelihood-eps-converted-to.pdf>
Package pdftex.def Info: Figs4Paper/CEWIT/GMM-LogLikelihood/LogLikelihood-eps-converted-to.pdf used on input line 55.
(pdftex.def)             Requested size: 180.67456pt x 108.40527pt.

Underfull \hbox (badness 10000) in paragraph at lines 67--69

 []


Underfull \hbox (badness 10000) in paragraph at lines 140--141

 []

Package epstopdf Info: Source file: <Figs4Paper/CEWIT/CEWIT-Map7.eps>
(epstopdf)                    date: 2017-05-15 16:15:47
(epstopdf)                    size: 2134380 bytes
(epstopdf)             Output file: <Figs4Paper/CEWIT/CEWIT-Map7-eps-converted-to.pdf>
(epstopdf)                    date: 2017-06-03 14:21:21
(epstopdf)                    size: 279057 bytes
(epstopdf)             Command: <epstopdf --outfile=Figs4Paper/CEWIT/CEWIT-Map7-eps-converted-to.pdf Figs4Paper/CEWIT/CE
WIT-Map7.eps>
(epstopdf)             \includegraphics on input line 166.
Package epstopdf Info: Output file is already uptodate.
<Figs4Paper/CEWIT/CEWIT-Map7-eps-converted-to.pdf, id=52, 723.70375pt x 896.34875pt>
File: Figs4Paper/CEWIT/CEWIT-Map7-eps-converted-to.pdf Graphic file (type pdf)

<use Figs4Paper/CEWIT/CEWIT-Map7-eps-converted-to.pdf>
Package pdftex.def Info: Figs4Paper/CEWIT/CEWIT-Map7-eps-converted-to.pdf used on input line 166.
(pdftex.def)             Requested size: 105.02821pt x 130.08621pt.
Package epstopdf Info: Source file: <Figs4Paper/CSD/CSD-Map4.eps>
(epstopdf)                    date: 2017-05-15 16:15:47
(epstopdf)                    size: 4025365 bytes
(epstopdf)             Output file: <Figs4Paper/CSD/CSD-Map4-eps-converted-to.pdf>
(epstopdf)                    date: 2017-05-15 16:15:47
(epstopdf)                    size: 579041 bytes
(epstopdf)             Command: <epstopdf --outfile=Figs4Paper/CSD/CSD-Map4-eps-converted-to.pdf Figs4Paper/CSD/CSD-Map4
.eps>
(epstopdf)             \includegraphics on input line 167.
Package epstopdf Info: Output file is already uptodate.

<Figs4Paper/CSD/CSD-Map4-eps-converted-to.pdf, id=53, 2169.10374pt x 1590.94376pt>
File: Figs4Paper/CSD/CSD-Map4-eps-converted-to.pdf Graphic file (type pdf)

<use Figs4Paper/CSD/CSD-Map4-eps-converted-to.pdf>
Package pdftex.def Info: Figs4Paper/CSD/CSD-Map4-eps-converted-to.pdf used on input line 167.
(pdftex.def)             Requested size: 144.54pt x 106.01248pt.
) (exp-methods.tex [6 <./Figs4Paper/CEWIT/GMM-LogLikelihood/LogLikelihood-eps-converted-to.pdf>]
Underfull \vbox (badness 1062) has occurred while \output is active []

 [7 <./Figs4Paper/CEWIT/CEWIT-Map7-eps-converted-to.pdf> <./Figs4Paper/CSD/CSD-Map4-eps-converted-to.pdf>]) (evaluation.
tex
Package epstopdf Info: Source file: <Figs4Paper/CEWIT/PowerPlot4Paper_CEWIT/PwrLvlPlot_cewit.eps>
(epstopdf)                    date: 2017-05-15 16:15:47
(epstopdf)                    size: 19187 bytes
(epstopdf)             Output file: <Figs4Paper/CEWIT/PowerPlot4Paper_CEWIT/PwrLvlPlot_cewit-eps-converted-to.pdf>
(epstopdf)                    date: 2017-05-15 16:15:47
(epstopdf)                    size: 8985 bytes
(epstopdf)             Command: <epstopdf --outfile=Figs4Paper/CEWIT/PowerPlot4Paper_CEWIT/PwrLvlPlot_cewit-eps-converte
d-to.pdf Figs4Paper/CEWIT/PowerPlot4Paper_CEWIT/PwrLvlPlot_cewit.eps>
(epstopdf)             \includegraphics on input line 36.
Package epstopdf Info: Output file is already uptodate.

<Figs4Paper/CEWIT/PowerPlot4Paper_CEWIT/PwrLvlPlot_cewit-eps-converted-to.pdf, id=75, 361.35pt x 252.945pt>
File: Figs4Paper/CEWIT/PowerPlot4Paper_CEWIT/PwrLvlPlot_cewit-eps-converted-to.pdf Graphic file (type pdf)

<use Figs4Paper/CEWIT/PowerPlot4Paper_CEWIT/PwrLvlPlot_cewit-eps-converted-to.pdf>
Package pdftex.def Info: Figs4Paper/CEWIT/PowerPlot4Paper_CEWIT/PwrLvlPlot_cewit-eps-converted-to.pdf used on input line
 36.
(pdftex.def)             Requested size: 115.62885pt x 90.33838pt.
Package epstopdf Info: Source file: <Figs4Paper/CSD/PowerPlot4Paper_CSD/PwrLvlPlot_csd.eps>
(epstopdf)                    date: 2017-05-15 16:15:47
(epstopdf)                    size: 19591 bytes
(epstopdf)             Output file: <Figs4Paper/CSD/PowerPlot4Paper_CSD/PwrLvlPlot_csd-eps-converted-to.pdf>
(epstopdf)                    date: 2017-05-15 16:15:47
(epstopdf)                    size: 9316 bytes
(epstopdf)             Command: <epstopdf --outfile=Figs4Paper/CSD/PowerPlot4Paper_CSD/PwrLvlPlot_csd-eps-converted-to.p
df Figs4Paper/CSD/PowerPlot4Paper_CSD/PwrLvlPlot_csd.eps>
(epstopdf)             \includegraphics on input line 37.
Package epstopdf Info: Output file is already uptodate.

<Figs4Paper/CSD/PowerPlot4Paper_CSD/PwrLvlPlot_csd-eps-converted-to.pdf, id=76, 361.35pt x 252.945pt>
File: Figs4Paper/CSD/PowerPlot4Paper_CSD/PwrLvlPlot_csd-eps-converted-to.pdf Graphic file (type pdf)

<use Figs4Paper/CSD/PowerPlot4Paper_CSD/PwrLvlPlot_csd-eps-converted-to.pdf>
Package pdftex.def Info: Figs4Paper/CSD/PowerPlot4Paper_CSD/PwrLvlPlot_csd-eps-converted-to.pdf used on input line 37.
(pdftex.def)             Requested size: 115.62885pt x 90.33838pt.
Package epstopdf Info: Source file: <Figs4Paper/CEWIT/LearningSize4Paper_CEWIT/LearningSetSize_cewit.eps>
(epstopdf)                    date: 2017-05-15 16:15:47
(epstopdf)                    size: 19201 bytes
(epstopdf)             Output file: <Figs4Paper/CEWIT/LearningSize4Paper_CEWIT/LearningSetSize_cewit-eps-converted-to.pd
f>
(epstopdf)                    date: 2017-05-15 16:15:47
(epstopdf)                    size: 8909 bytes
(epstopdf)             Command: <epstopdf --outfile=Figs4Paper/CEWIT/LearningSize4Paper_CEWIT/LearningSetSize_cewit-eps-
converted-to.pdf Figs4Paper/CEWIT/LearningSize4Paper_CEWIT/LearningSetSize_cewit.eps>
(epstopdf)             \includegraphics on input line 62.
Package epstopdf Info: Output file is already uptodate.

<Figs4Paper/CEWIT/LearningSize4Paper_CEWIT/LearningSetSize_cewit-eps-converted-to.pdf, id=77, 361.35pt x 252.945pt>
File: Figs4Paper/CEWIT/LearningSize4Paper_CEWIT/LearningSetSize_cewit-eps-converted-to.pdf Graphic file (type pdf)

<use Figs4Paper/CEWIT/LearningSize4Paper_CEWIT/LearningSetSize_cewit-eps-converted-to.pdf>
Package pdftex.def Info: Figs4Paper/CEWIT/LearningSize4Paper_CEWIT/LearningSetSize_cewit-eps-converted-to.pdf used on in
put line 62.
(pdftex.def)             Requested size: 115.62885pt x 90.33838pt.
Package epstopdf Info: Source file: <Figs4Paper/CSD/LearningSize4Paper_CSD/LearningSetSize_csd.eps>
(epstopdf)                    date: 2017-05-15 16:15:47
(epstopdf)                    size: 19170 bytes
(epstopdf)             Output file: <Figs4Paper/CSD/LearningSize4Paper_CSD/LearningSetSize_csd-eps-converted-to.pdf>
(epstopdf)                    date: 2017-05-15 16:15:47
(epstopdf)                    size: 8862 bytes
(epstopdf)             Command: <epstopdf --outfile=Figs4Paper/CSD/LearningSize4Paper_CSD/LearningSetSize_csd-eps-conver
ted-to.pdf Figs4Paper/CSD/LearningSize4Paper_CSD/LearningSetSize_csd.eps>
(epstopdf)             \includegraphics on input line 63.
Package epstopdf Info: Output file is already uptodate.

<Figs4Paper/CSD/LearningSize4Paper_CSD/LearningSetSize_csd-eps-converted-to.pdf, id=78, 361.35pt x 252.945pt>
File: Figs4Paper/CSD/LearningSize4Paper_CSD/LearningSetSize_csd-eps-converted-to.pdf Graphic file (type pdf)

<use Figs4Paper/CSD/LearningSize4Paper_CSD/LearningSetSize_csd-eps-converted-to.pdf>
Package pdftex.def Info: Figs4Paper/CSD/LearningSize4Paper_CSD/LearningSetSize_csd-eps-converted-to.pdf used on input li
ne 63.
(pdftex.def)             Requested size: 115.62885pt x 90.33838pt.


LaTeX Warning: `!h' float specifier changed to `!ht'.

[8 <./Figs4Paper/CEWIT/PowerPlot4Paper_CEWIT/PwrLvlPlot_cewit-eps-converted-to.pdf> <./Figs4Paper/CSD/PowerPlot4Paper_CS
D/PwrLvlPlot_csd-eps-converted-to.pdf>]
Overfull \hbox (8.09756pt too wide) in paragraph at lines 73--73
[]\secfnt WiGEM Ac-cu-racy With Het-ero-ge-neous De-
 []

Package epstopdf Info: Source file: <Figs4Paper/CEWIT/Gem4Devices_CEWIT/4Devices_cewit.eps>
(epstopdf)                    date: 2017-05-15 16:15:47
(epstopdf)                    size: 21855 bytes
(epstopdf)             Output file: <Figs4Paper/CEWIT/Gem4Devices_CEWIT/4Devices_cewit-eps-converted-to.pdf>
(epstopdf)                    date: 2017-05-15 16:15:47
(epstopdf)                    size: 11706 bytes
(epstopdf)             Command: <epstopdf --outfile=Figs4Paper/CEWIT/Gem4Devices_CEWIT/4Devices_cewit-eps-converted-to.p
df Figs4Paper/CEWIT/Gem4Devices_CEWIT/4Devices_cewit.eps>
(epstopdf)             \includegraphics on input line 79.
Package epstopdf Info: Output file is already uptodate.
<Figs4Paper/CEWIT/Gem4Devices_CEWIT/4Devices_cewit-eps-converted-to.pdf, id=93, 361.35pt x 252.945pt>
File: Figs4Paper/CEWIT/Gem4Devices_CEWIT/4Devices_cewit-eps-converted-to.pdf Graphic file (type pdf)

<use Figs4Paper/CEWIT/Gem4Devices_CEWIT/4Devices_cewit-eps-converted-to.pdf>
Package pdftex.def Info: Figs4Paper/CEWIT/Gem4Devices_CEWIT/4Devices_cewit-eps-converted-to.pdf used on input line 79.
(pdftex.def)             Requested size: 115.62885pt x 90.33838pt.
Package epstopdf Info: Source file: <Figs4Paper/CSD/Gem4Devices_CSD/4Devices_csd.eps>
(epstopdf)                    date: 2017-05-15 16:15:47
(epstopdf)                    size: 20601 bytes
(epstopdf)             Output file: <Figs4Paper/CSD/Gem4Devices_CSD/4Devices_csd-eps-converted-to.pdf>
(epstopdf)                    date: 2017-05-15 16:15:47
(epstopdf)                    size: 10261 bytes
(epstopdf)             Command: <epstopdf --outfile=Figs4Paper/CSD/Gem4Devices_CSD/4Devices_csd-eps-converted-to.pdf Fig
s4Paper/CSD/Gem4Devices_CSD/4Devices_csd.eps>
(epstopdf)             \includegraphics on input line 80.
Package epstopdf Info: Output file is already uptodate.

<Figs4Paper/CSD/Gem4Devices_CSD/4Devices_csd-eps-converted-to.pdf, id=94, 361.35pt x 252.945pt>
File: Figs4Paper/CSD/Gem4Devices_CSD/4Devices_csd-eps-converted-to.pdf Graphic file (type pdf)

<use Figs4Paper/CSD/Gem4Devices_CSD/4Devices_csd-eps-converted-to.pdf>
Package pdftex.def Info: Figs4Paper/CSD/Gem4Devices_CSD/4Devices_csd-eps-converted-to.pdf used on input line 80.
(pdftex.def)             Requested size: 115.62885pt x 90.33838pt.

Overfull \hbox (12.85767pt too wide) in paragraph at lines 78--82
 [][] 
 []


Underfull \vbox (badness 1215) has occurred while \output is active []

Package epstopdf Info: Source file: <Figs4Paper/CEWIT/Baseline4Paper_CEWIT/BaselineComparisonsMedianError_cewit.eps>
(epstopdf)                    date: 2017-05-15 16:15:46
(epstopdf)                    size: 19804 bytes
(epstopdf)             Output file: <Figs4Paper/CEWIT/Baseline4Paper_CEWIT/BaselineComparisonsMedianError_cewit-eps-conv
erted-to.pdf>
(epstopdf)                    date: 2017-05-15 16:15:46
(epstopdf)                    size: 17070 bytes
(epstopdf)             Command: <epstopdf --outfile=Figs4Paper/CEWIT/Baseline4Paper_CEWIT/BaselineComparisonsMedianError
_cewit-eps-converted-to.pdf Figs4Paper/CEWIT/Baseline4Paper_CEWIT/BaselineComparisonsMedianError_cewit.eps>
(epstopdf)             \includegraphics on input line 102.
Package epstopdf Info: Output file is already uptodate.

<Figs4Paper/CEWIT/Baseline4Paper_CEWIT/BaselineComparisonsMedianError_cewit-eps-converted-to.pdf, id=95, 361.35pt x 252.
945pt>
File: Figs4Paper/CEWIT/Baseline4Paper_CEWIT/BaselineComparisonsMedianError_cewit-eps-converted-to.pdf Graphic file (type
 pdf)
 <use Figs4Paper/CEWIT/Baseline4Paper_CEWIT/BaselineComparisonsMedianError_cewit-eps-converted-to.pdf>
Package pdftex.def Info: Figs4Paper/CEWIT/Baseline4Paper_CEWIT/BaselineComparisonsMedianError_cewit-eps-converted-to.pdf
 used on input line 102.
(pdftex.def)             Requested size: 115.62885pt x 90.33838pt.
Package epstopdf Info: Source file: <Figs4Paper/CSD/Baseline4Paper_CSD/BaselineComparisonsMedianError_csd.eps>
(epstopdf)                    date: 2017-05-15 16:15:47
(epstopdf)                    size: 19837 bytes
(epstopdf)             Output file: <Figs4Paper/CSD/Baseline4Paper_CSD/BaselineComparisonsMedianError_csd-eps-converted-
to.pdf>
(epstopdf)                    date: 2017-05-15 16:15:47
(epstopdf)                    size: 16894 bytes
(epstopdf)             Command: <epstopdf --outfile=Figs4Paper/CSD/Baseline4Paper_CSD/BaselineComparisonsMedianError_csd
-eps-converted-to.pdf Figs4Paper/CSD/Baseline4Paper_CSD/BaselineComparisonsMedianError_csd.eps>
(epstopdf)             \includegraphics on input line 104.
Package epstopdf Info: Output file is already uptodate.

<Figs4Paper/CSD/Baseline4Paper_CSD/BaselineComparisonsMedianError_csd-eps-converted-to.pdf, id=96, 361.35pt x 252.945pt>
File: Figs4Paper/CSD/Baseline4Paper_CSD/BaselineComparisonsMedianError_csd-eps-converted-to.pdf Graphic file (type pdf)
<use Figs4Paper/CSD/Baseline4Paper_CSD/BaselineComparisonsMedianError_csd-eps-converted-to.pdf>
Package pdftex.def Info: Figs4Paper/CSD/Baseline4Paper_CSD/BaselineComparisonsMedianError_csd-eps-converted-to.pdf used 
on input line 104.
(pdftex.def)             Requested size: 115.62885pt x 90.33838pt.
Package epstopdf Info: Source file: <Figs4Paper/CEWIT/HRComparisons4Paper_CEWIT/HRComparisonsMedianError_Probabilistic_c
ewit.eps>
(epstopdf)                    date: 2017-05-15 16:15:47
(epstopdf)                    size: 20731 bytes
(epstopdf)             Output file: <Figs4Paper/CEWIT/HRComparisons4Paper_CEWIT/HRComparisonsMedianError_Probabilistic_c
ewit-eps-converted-to.pdf>
(epstopdf)                    date: 2017-05-15 16:15:47
(epstopdf)                    size: 21134 bytes
(epstopdf)             Command: <epstopdf --outfile=Figs4Paper/CEWIT/HRComparisons4Paper_CEWIT/HRComparisonsMedianError_
Probabilistic_cewit-eps-converted-to.pdf Figs4Paper/CEWIT/HRComparisons4Paper_CEWIT/HRComparisonsMedianError_Probabilist
ic_cewit.eps>
(epstopdf)             \includegraphics on input line 151.
Package epstopdf Info: Output file is already uptodate.

<Figs4Paper/CEWIT/HRComparisons4Paper_CEWIT/HRComparisonsMedianError_Probabilistic_cewit-eps-converted-to.pdf, id=97, 36
1.35pt x 252.945pt>
File: Figs4Paper/CEWIT/HRComparisons4Paper_CEWIT/HRComparisonsMedianError_Probabilistic_cewit-eps-converted-to.pdf Graph
ic file (type pdf)

<use Figs4Paper/CEWIT/HRComparisons4Paper_CEWIT/HRComparisonsMedianError_Probabilistic_cewit-eps-converted-to.pdf>
Package pdftex.def Info: Figs4Paper/CEWIT/HRComparisons4Paper_CEWIT/HRComparisonsMedianError_Probabilistic_cewit-eps-con
verted-to.pdf used on input line 151.
(pdftex.def)             Requested size: 115.62885pt x 90.33838pt.
Package epstopdf Info: Source file: <Figs4Paper/CEWIT/HRComparisons4Paper_CEWIT/HRComparisonsMedianError_RADAR_cewit.eps
>
(epstopdf)                    date: 2017-05-15 16:15:47
(epstopdf)                    size: 20699 bytes
(epstopdf)             Output file: <Figs4Paper/CEWIT/HRComparisons4Paper_CEWIT/HRComparisonsMedianError_RADAR_cewit-eps
-converted-to.pdf>
(epstopdf)                    date: 2017-05-15 16:15:47
(epstopdf)                    size: 20657 bytes
(epstopdf)             Command: <epstopdf --outfile=Figs4Paper/CEWIT/HRComparisons4Paper_CEWIT/HRComparisonsMedianError_
RADAR_cewit-eps-converted-to.pdf Figs4Paper/CEWIT/HRComparisons4Paper_CEWIT/HRComparisonsMedianError_RADAR_cewit.eps>
(epstopdf)             \includegraphics on input line 153.
Package epstopdf Info: Output file is already uptodate.

<Figs4Paper/CEWIT/HRComparisons4Paper_CEWIT/HRComparisonsMedianError_RADAR_cewit-eps-converted-to.pdf, id=98, 361.35pt x
 252.945pt>
File: Figs4Paper/CEWIT/HRComparisons4Paper_CEWIT/HRComparisonsMedianError_RADAR_cewit-eps-converted-to.pdf Graphic file 
(type pdf)
 <use Figs4Paper/CEWIT/HRComparisons4Paper_CEWIT/HRComparisonsMedianError_RADAR_cewit-eps-converted-to.pdf>
Package pdftex.def Info: Figs4Paper/CEWIT/HRComparisons4Paper_CEWIT/HRComparisonsMedianError_RADAR_cewit-eps-converted-t
o.pdf used on input line 153.
(pdftex.def)             Requested size: 115.62885pt x 90.33838pt.
Package epstopdf Info: Source file: <Figs4Paper/CSD/HRComparisons4Paper_CSD/HRComparisonsMedianError_Probabilistic_csd.e
ps>
(epstopdf)                    date: 2017-05-15 16:15:47
(epstopdf)                    size: 20720 bytes
(epstopdf)             Output file: <Figs4Paper/CSD/HRComparisons4Paper_CSD/HRComparisonsMedianError_Probabilistic_csd-e
ps-converted-to.pdf>
(epstopdf)                    date: 2017-05-15 16:15:47
(epstopdf)                    size: 17683 bytes
(epstopdf)             Command: <epstopdf --outfile=Figs4Paper/CSD/HRComparisons4Paper_CSD/HRComparisonsMedianError_Prob
abilistic_csd-eps-converted-to.pdf Figs4Paper/CSD/HRComparisons4Paper_CSD/HRComparisonsMedianError_Probabilistic_csd.eps
>
(epstopdf)             \includegraphics on input line 160.
Package epstopdf Info: Output file is already uptodate.

<Figs4Paper/CSD/HRComparisons4Paper_CSD/HRComparisonsMedianError_Probabilistic_csd-eps-converted-to.pdf, id=99, 361.35pt
 x 252.945pt>
File: Figs4Paper/CSD/HRComparisons4Paper_CSD/HRComparisonsMedianError_Probabilistic_csd-eps-converted-to.pdf Graphic fil
e (type pdf)

<use Figs4Paper/CSD/HRComparisons4Paper_CSD/HRComparisonsMedianError_Probabilistic_csd-eps-converted-to.pdf>
Package pdftex.def Info: Figs4Paper/CSD/HRComparisons4Paper_CSD/HRComparisonsMedianError_Probabilistic_csd-eps-converted
-to.pdf used on input line 160.
(pdftex.def)             Requested size: 115.62885pt x 90.33838pt.
Package epstopdf Info: Source file: <Figs4Paper/CSD/HRComparisons4Paper_CSD/HRComparisonsMedianError_RADAR_csd.eps>
(epstopdf)                    date: 2017-05-15 16:15:47
(epstopdf)                    size: 20688 bytes
(epstopdf)             Output file: <Figs4Paper/CSD/HRComparisons4Paper_CSD/HRComparisonsMedianError_RADAR_csd-eps-conve
rted-to.pdf>
(epstopdf)                    date: 2017-05-15 16:15:47
(epstopdf)                    size: 16965 bytes
(epstopdf)             Command: <epstopdf --outfile=Figs4Paper/CSD/HRComparisons4Paper_CSD/HRComparisonsMedianError_RADA
R_csd-eps-converted-to.pdf Figs4Paper/CSD/HRComparisons4Paper_CSD/HRComparisonsMedianError_RADAR_csd.eps>
(epstopdf)             \includegraphics on input line 162.
Package epstopdf Info: Output file is already uptodate.

<Figs4Paper/CSD/HRComparisons4Paper_CSD/HRComparisonsMedianError_RADAR_csd-eps-converted-to.pdf, id=100, 361.35pt x 252.
945pt>
File: Figs4Paper/CSD/HRComparisons4Paper_CSD/HRComparisonsMedianError_RADAR_csd-eps-converted-to.pdf Graphic file (type 
pdf)
 <use Figs4Paper/CSD/HRComparisons4Paper_CSD/HRComparisonsMedianError_RADAR_csd-eps-converted-to.pdf>
Package pdftex.def Info: Figs4Paper/CSD/HRComparisons4Paper_CSD/HRComparisonsMedianError_RADAR_csd-eps-converted-to.pdf 
used on input line 162.
(pdftex.def)             Requested size: 115.62885pt x 90.33838pt.


LaTeX Warning: `!h' float specifier changed to `!ht'.

[9 <./Figs4Paper/CEWIT/LearningSize4Paper_CEWIT/LearningSetSize_cewit-eps-converted-to.pdf> <./Figs4Paper/CSD/LearningSi
ze4Paper_CSD/LearningSetSize_csd-eps-converted-to.pdf> <./Figs4Paper/CEWIT/Gem4Devices_CEWIT/4Devices_cewit-eps-converte
d-to.pdf> <./Figs4Paper/CSD/Gem4Devices_CSD/4Devices_csd-eps-converted-to.pdf> <./Figs4Paper/CEWIT/Baseline4Paper_CEWIT/
BaselineComparisonsMedianError_cewit-eps-converted-to.pdf> <./Figs4Paper/CSD/Baseline4Paper_CSD/BaselineComparisonsMedia
nError_csd-eps-converted-to.pdf> <./Figs4Paper/CEWIT/HRComparisons4Paper_CEWIT/HRComparisonsMedianError_Probabilistic_ce
wit-eps-converted-to.pdf> <./Figs4Paper/CEWIT/HRComparisons4Paper_CEWIT/HRComparisonsMedianError_RADAR_cewit-eps-convert
ed-to.pdf>]
Overfull \hbox (3.09651pt too wide) in paragraph at lines 243--247
[]\OT1/cmr/m/n/10 On the other hand, Wi-GEM can-not match RADAR
 []


Overfull \hbox (6.02818pt too wide) in paragraph at lines 243--247
\OT1/cmr/m/n/10 and Prob-a-bilis-tic for their most fa-vor-able case (same
 []


Overfull \hbox (1.9726pt too wide) in paragraph at lines 249--255
[]\OT1/cmr/m/n/10 When the gran-u-lar-ity of train-ing is coarse, RADAR
 []

Package epstopdf Info: Source file: <Figs4Paper/Mobility/MobilityResults.eps>
(epstopdf)                    date: 2017-05-15 16:15:47
(epstopdf)                    size: 20209 bytes
(epstopdf)             Output file: <Figs4Paper/Mobility/MobilityResults-eps-converted-to.pdf>
(epstopdf)                    date: 2017-05-15 16:15:47
(epstopdf)                    size: 10506 bytes
(epstopdf)             Command: <epstopdf --outfile=Figs4Paper/Mobility/MobilityResults-eps-converted-to.pdf Figs4Paper/
Mobility/MobilityResults.eps>
(epstopdf)             \includegraphics on input line 264.
Package epstopdf Info: Output file is already uptodate.
<Figs4Paper/Mobility/MobilityResults-eps-converted-to.pdf, id=144, 361.35pt x 252.945pt>
File: Figs4Paper/Mobility/MobilityResults-eps-converted-to.pdf Graphic file (type pdf)

<use Figs4Paper/Mobility/MobilityResults-eps-converted-to.pdf>
Package pdftex.def Info: Figs4Paper/Mobility/MobilityResults-eps-converted-to.pdf used on input line 264.
(pdftex.def)             Requested size: 180.67456pt x 108.40527pt.
 [10 <./Figs4Paper/CSD/HRComparisons4Paper_CSD/HRComparisonsMedianError_Probabilistic_csd-eps-converted-to.pdf> <./Figs4
Paper/CSD/HRComparisons4Paper_CSD/HRComparisonsMedianError_RADAR_csd-eps-converted-to.pdf> <./Figs4Paper/Mobility/Mobili
tyResults-eps-converted-to.pdf>]
Missing character: There is no ™ in font cmr10!


LaTeX Warning: `!h' float specifier changed to `!ht'.

) (discussion.tex
Underfull \vbox (badness 5050) has occurred while \output is active []


Overfull \hbox (1.26317pt too wide) in paragraph at lines 5--23
[]\OT1/cmr/m/n/10 In its cur-rent em-bod-i-ment, Wi-GEM uses a ra-dio prop-
 []

) (conclusion.tex)
Underfull \vbox (badness 10000) has occurred while \output is active []

 [11] (main_trials.bbl
Missing character: There is no Ã in font cmr10!
Missing character: There is no ¤ in font cmr10!
) [12] (main_trials.aux) ) 
Here is how much of TeX's memory you used:
 3609 strings out of 493328
 55531 string characters out of 3139115
 121441 words of memory out of 3000000
 6993 multiletter control sequences out of 15000+200000
 45559 words of font info for 65 fonts, out of 3000000 for 9000
 1144 hyphenation exceptions out of 8191
 42i,16n,39p,2028b,421s stack positions out of 5000i,500n,10000p,200000b,50000s
{C:/Program Files/MiKTeX 2.9/fonts/enc/dvips/base/8r.enc}<C:/Program Files/MiKTeX 2.9/fonts/ty
pe1/public/amsfonts/cm/cmbx10.pfb><C:/Program Files/MiKTeX 2.9/fonts/type1/public/amsfonts/cm/cmbx7.pfb><C:/Program File
s/MiKTeX 2.9/fonts/type1/public/amsfonts/cm/cmex10.pfb><C:/Program Files/MiKTeX 2.9/fonts/type1/public/amsfonts/cm/cmmi1
0.pfb><C:/Program Files/MiKTeX 2.9/fonts/type1/public/amsfonts/cm/cmmi5.pfb><C:/Program Files/MiKTeX 2.9/fonts/type1/pub
lic/amsfonts/cm/cmmi7.pfb><C:/Program Files/MiKTeX 2.9/fonts/type1/public/amsfonts/cm/cmmib10.pfb><C:/Program Files/MiKT
eX 2.9/fonts/type1/public/amsfonts/cm/cmr10.pfb><C:/Program Files/MiKTeX 2.9/fonts/type1/public/amsfonts/cm/cmr7.pfb><C:
/Program Files/MiKTeX 2.9/fonts/type1/public/amsfonts/cm/cmr8.pfb><C:/Program Files/MiKTeX 2.9/fonts/type1/public/amsfon
ts/cm/cmr9.pfb><C:/Program Files/MiKTeX 2.9/fonts/type1/public/amsfonts/cm/cmsy10.pfb><C:/Program Files/MiKTeX 2.9/fonts
/type1/public/amsfonts/cm/cmsy7.pfb><C:/Program Files/MiKTeX 2.9/fonts/type1/public/amsfonts/cm/cmti10.pfb><C:/Program F
iles/MiKTeX 2.9/fonts/type1/public/amsfonts/cm/cmti7.pfb><C:/Program Files/MiKTeX 2.9/fonts/type1/public/amsfonts/cm/cmt
t10.pfb><C:/Program Files/MiKTeX 2.9/fonts/type1/urw/helvetic/uhvb8a.pfb><C:/Program Files/MiKTeX 2.9/fonts/type1/urw/he
lvetic/uhvr8a.pfb><C:/Program Files/MiKTeX 2.9/fonts/type1/urw/times/utmb8a.pfb><C:/Program Files/MiKTeX 2.9/fonts/type1
/urw/times/utmr8a.pfb><C:/Program Files/MiKTeX 2.9/fonts/type1/urw/times/utmri8a.pfb>
Output written on main_trials.pdf (12 pages, 1414027 bytes).
PDF statistics:
 234 PDF objects out of 1000 (max. 8388607)
 0 named destinations out of 1000 (max. 500000)
 96 words of extra memory for PDF output out of 10000 (max. 10000000)

