This is pdfTeX, Version 3.1415926-2.3-1.40.12 (MiKTeX 2.9) (preloaded format=latex 2011.7.4)  4 JUL 2011 18:45
entering extended mode
**main.tex

(C:\Users\abgoswam\Dropbox\Localization-PaperWriteup\PaperEssentialsOnly\main.t
ex
LaTeX2e <2011/06/27>
Babel <v3.8m> and hyphenation patterns for english, afrikaans, ancientgreek, ar
abic, armenian, assamese, basque, bengali, bokmal, bulgarian, catalan, coptic, 
croatian, czech, danish, dutch, esperanto, estonian, farsi, finnish, french, ga
lician, german, german-x-2009-06-19, greek, gujarati, hindi, hungarian, iceland
ic, indonesian, interlingua, irish, italian, kannada, kurmanji, lao, latin, lat
vian, lithuanian, malayalam, marathi, mongolian, mongolianlmc, monogreek, ngerm
an, ngerman-x-2009-06-19, nynorsk, oriya, panjabi, pinyin, polish, portuguese, 
romanian, russian, sanskrit, serbian, slovak, slovenian, spanish, swedish, swis
sgerman, tamil, telugu, turkish, turkmen, ukenglish, ukrainian, uppersorbian, u
senglishmax, welsh, loaded.

(C:\Users\abgoswam\Dropbox\Localization-PaperWriteup\PaperEssentialsOnly\sig-al
ternate-10pt.cls ("C:\Program Files\MiKTeX 2.9\tex\latex\graphics\epsfig.sty"
Package: epsfig 1999/02/16 v1.7a (e)psfig emulation (SPQR)

("C:\Program Files\MiKTeX 2.9\tex\latex\graphics\graphicx.sty"
Package: graphicx 1999/02/16 v1.0f Enhanced LaTeX Graphics (DPC,SPQR)

("C:\Program Files\MiKTeX 2.9\tex\latex\graphics\keyval.sty"
Package: keyval 1999/03/16 v1.13 key=value parser (DPC)
\KV@toks@=\toks14
)
("C:\Program Files\MiKTeX 2.9\tex\latex\graphics\graphics.sty"
Package: graphics 2009/02/05 v1.0o Standard LaTeX Graphics (DPC,SPQR)

("C:\Program Files\MiKTeX 2.9\tex\latex\graphics\trig.sty"
Package: trig 1999/03/16 v1.09 sin cos tan (DPC)
)
("C:\Program Files\MiKTeX 2.9\tex\latex\00miktex\graphics.cfg"
File: graphics.cfg 2007/01/18 v1.5 graphics configuration of teTeX/TeXLive
)
Package graphics Info: Driver file: dvips.def on input line 91.

("C:\Program Files\MiKTeX 2.9\tex\latex\graphics\dvips.def"
File: dvips.def 1999/02/16 v3.0i Driver-dependant file (DPC,SPQR)
))
\Gin@req@height=\dimen102
\Gin@req@width=\dimen103
)
\epsfxsize=\dimen104
\epsfysize=\dimen105
)
("C:\Program Files\MiKTeX 2.9\tex\latex\amsfonts\amssymb.sty"
Package: amssymb 2009/06/22 v3.00

("C:\Program Files\MiKTeX 2.9\tex\latex\amsfonts\amsfonts.sty"
Package: amsfonts 2009/06/22 v3.00 Basic AMSFonts support
\@emptytoks=\toks15
\symAMSa=\mathgroup4
\symAMSb=\mathgroup5
LaTeX Font Info:    Overwriting math alphabet `\mathfrak' in version `bold'
(Font)                  U/euf/m/n --> U/euf/b/n on input line 96.
))
("C:\Program Files\MiKTeX 2.9\tex\latex\ams\math\amsmath.sty"
Package: amsmath 2000/07/18 v2.13 AMS math features
\@mathmargin=\skip41

For additional information on amsmath, use the `?' option.
("C:\Program Files\MiKTeX 2.9\tex\latex\ams\math\amstext.sty"
Package: amstext 2000/06/29 v2.01

("C:\Program Files\MiKTeX 2.9\tex\latex\ams\math\amsgen.sty"
File: amsgen.sty 1999/11/30 v2.0
\@emptytoks=\toks16
\ex@=\dimen106
))
("C:\Program Files\MiKTeX 2.9\tex\latex\ams\math\amsbsy.sty"
Package: amsbsy 1999/11/29 v1.2d
\pmbraise@=\dimen107
)
("C:\Program Files\MiKTeX 2.9\tex\latex\ams\math\amsopn.sty"
Package: amsopn 1999/12/14 v2.01 operator names
)
\inf@bad=\count79
LaTeX Info: Redefining \frac on input line 211.
\uproot@=\count80
\leftroot@=\count81
LaTeX Info: Redefining \overline on input line 307.
\classnum@=\count82
\DOTSCASE@=\count83
LaTeX Info: Redefining \ldots on input line 379.
LaTeX Info: Redefining \dots on input line 382.
LaTeX Info: Redefining \cdots on input line 467.
\Mathstrutbox@=\box26
\strutbox@=\box27
\big@size=\dimen108
LaTeX Font Info:    Redeclaring font encoding OML on input line 567.
LaTeX Font Info:    Redeclaring font encoding OMS on input line 568.
\macc@depth=\count84
\c@MaxMatrixCols=\count85
\dotsspace@=\muskip10
\c@parentequation=\count86
\dspbrk@lvl=\count87
\tag@help=\toks17
\row@=\count88
\column@=\count89
\maxfields@=\count90
\andhelp@=\toks18
\eqnshift@=\dimen109
\alignsep@=\dimen110
\tagshift@=\dimen111
\tagwidth@=\dimen112
\totwidth@=\dimen113
\lineht@=\dimen114
\@envbody=\toks19
\multlinegap=\skip42
\multlinetaggap=\skip43
\mathdisplay@stack=\toks20
LaTeX Info: Redefining \[ on input line 2666.
LaTeX Info: Redefining \] on input line 2667.
)
Document Class 'sig-alternate' <3rd January '07>. Hacked by Anja Feldmann
Based in part upon document Style `acmconf' <22 May 89>. Hacked 4/91 by
shivers@cs.cmu.edu, 4/93 by theobald@cs.mcgill.ca
Excerpts were taken from (Journal Style) 'esub2acm.cls'.
****** Bugs/comments/suggestions/technicalities to Gerry Murray -- murray@hq.ac
m.org ******
Questions on the style, SIGS policies, etc. to Adrienne Griscti griscti@acm.org

\footheight=\dimen115
\@maxsep=\dimen116
\@dblmaxsep=\dimen117
\aucount=\count91
\originalaucount=\count92
\auwidth=\dimen118
\auskip=\dimen119
\auskipcount=\count93
\auskip=\dimen120
\allauboxes=\dimen121
\addauthors=\toks21
\addauflag=\count94
\subtitletext=\toks22
\savesection=\count95
\sectioncntr=\count96
\c@figure=\count97
\c@table=\count98
\titleboxnotes=\toks23
\titleboxnoteflag=\count99

LaTeX Warning: You have requested document class `sig-alternate-10pt',
               but the document class provides `sig-alternate'.

Document Class: sig-alternate 2007/03/01 - V1.9 - based on acmproc.cls V1.3 <No
v. 30 '99>
("C:\Program Files\MiKTeX 2.9\tex\latex\base\latexsym.sty"
Package: latexsym 1998/08/17 v2.2e Standard LaTeX package (lasy symbols)
\symlasy=\mathgroup6
LaTeX Font Info:    Overwriting symbol font `lasy' in version `bold'
(Font)                  U/lasy/m/n --> U/lasy/b/n on input line 47.
)
\@acmtitlebox=\box28
\titlenotecount=\count100
\tntoks=\toks24
\tntokstwo=\toks25
\tntoksthree=\toks26
\tntoksfour=\toks27
\tntoksfive=\toks28
\catcount=\count101
\copyrightnotice=\toks29
\conf=\toks30
\confinfo=\toks31
\c@part=\count102
\c@section=\count103
\c@subsection=\count104
\c@subsubsection=\count105
\c@paragraph=\count106

Using 'Abbrev' bibliography style
\bibindent=\dimen122
\colcntr=\count107
\savebox=\box29
\copyrtyr=\toks32
\acmcopyr=\toks33
\boilerplate=\toks34
\copyrightetc=\toks35
)
(C:\Users\abgoswam\Dropbox\Localization-PaperWriteup\PaperEssentialsOnly\captio
n.sty
Package: caption 2006/03/21 v3.0j Customising captions (AR)

(C:\Users\abgoswam\Dropbox\Localization-PaperWriteup\PaperEssentialsOnly\captio
n3.sty
Package: caption3 2006/03/16 v3.0j caption3 kernel (AR)
\captionmargin=\dimen123
\captionmarginx=\dimen124
\captionwidth=\dimen125
\captionindent=\dimen126
\captionparindent=\dimen127
\captionhangindent=\dimen128
\abovecaptionskip=\skip44
\belowcaptionskip=\skip45
))
(C:\Users\abgoswam\Dropbox\Localization-PaperWriteup\PaperEssentialsOnly\subfig
.sty
Package: subfig 2005/06/28 ver: 1.3 subfig package


Package subfig Warning: Your document class has a bad definition
 of \endfigure, most likely
 \let\endfigure=\end@float
 which has now been changed to
 \def\endfigure{\end@float}
 because otherwise subsequent changes to \end@float
 (like done by several packages changing float behaviour)
 can't take effect on \endfigure.
 Please complain to your document class author.


Package subfig Warning: Your document class has a bad definition
 of \endtable, most likely
 \let\endtable=\end@float
 which has now been changed to
 \def\endtable{\end@float}
 because otherwise subsequent changes to \end@float
 (like done by several packages changing float behaviour)
 can't take effect on \endtable.
 Please complain to your document class author.

\c@KVtest=\count108
\sf@farskip=\skip46
\sf@captopadj=\dimen129
\sf@capskip=\skip47
\sf@nearskip=\skip48
\c@subfigure=\count109
\c@subfigure@save=\count110
\c@lofdepth=\count111
\c@subtable=\count112
\c@subtable@save=\count113
\c@lotdepth=\count114
\sf@top=\skip49
\sf@bottom=\skip50
)
(C:\Users\abgoswam\Dropbox\Localization-PaperWriteup\PaperEssentialsOnly\main.a
ux)
LaTeX Font Info:    Checking defaults for OML/cmm/m/it on input line 9.
LaTeX Font Info:    ... okay on input line 9.
LaTeX Font Info:    Checking defaults for T1/cmr/m/n on input line 9.
LaTeX Font Info:    ... okay on input line 9.
LaTeX Font Info:    Checking defaults for OT1/cmr/m/n on input line 9.
LaTeX Font Info:    ... okay on input line 9.
LaTeX Font Info:    Checking defaults for OMS/cmsy/m/n on input line 9.
LaTeX Font Info:    ... okay on input line 9.
LaTeX Font Info:    Checking defaults for OMX/cmex/m/n on input line 9.
LaTeX Font Info:    ... okay on input line 9.
LaTeX Font Info:    Checking defaults for U/cmr/m/n on input line 9.
LaTeX Font Info:    ... okay on input line 9.

(C:\Users\abgoswam\Dropbox\Localization-PaperWriteup\PaperEssentialsOnly\ragged
2e.sty
Package: ragged2e 2003/03/25 v2.04 ragged2e Package (MS)

(C:\Users\abgoswam\Dropbox\Localization-PaperWriteup\PaperEssentialsOnly\everys
el.sty
Package: everysel 1999/06/08 v1.03 EverySelectfont Package (MS)
LaTeX Info: Redefining \selectfont on input line 125.
)
\CenteringLeftskip=\skip51
\RaggedLeftLeftskip=\skip52
\RaggedRightLeftskip=\skip53
\CenteringRightskip=\skip54
\RaggedLeftRightskip=\skip55
\RaggedRightRightskip=\skip56
\CenteringParfillskip=\skip57
\RaggedLeftParfillskip=\skip58
\RaggedRightParfillskip=\skip59
\JustifyingParfillskip=\skip60
\CenteringParindent=\skip61
\RaggedLeftParindent=\skip62
\RaggedRightParindent=\skip63
\JustifyingParindent=\skip64
)
LaTeX Font Info:    Try loading font information for U+msa on input line 83.
 ("C:\Program Files\MiKTeX 2.9\tex\latex\amsfonts\umsa.fd"
File: umsa.fd 2009/06/22 v3.00 AMS symbols A
)
LaTeX Font Info:    Try loading font information for U+msb on input line 83.

("C:\Program Files\MiKTeX 2.9\tex\latex\amsfonts\umsb.fd"
File: umsb.fd 2009/06/22 v3.00 AMS symbols B
)
LaTeX Font Info:    Try loading font information for U+lasy on input line 83.

("C:\Program Files\MiKTeX 2.9\tex\latex\base\ulasy.fd"
File: ulasy.fd 1998/08/17 v2.2e LaTeX symbol font definitions
)
(C:\Users\abgoswam\Dropbox\Localization-PaperWriteup\PaperEssentialsOnly\intro.
tex
Overfull \hbox (14.8615pt too wide) in paragraph at lines 4--18
\OT1/cmr/m/n/10 suc-cess-ful tech-niques re-quire a sub-stan-tial `pre-deployme
nt'
 []

[1


]
Overfull \hbox (2.2632pt too wide) in paragraph at lines 67--68
\OT1/cmr/m/n/10 Sec-ond, zero `pre-deployment' ef-fort makes WiGEM par-
 []


Overfull \hbox (12.2829pt too wide) in paragraph at lines 67--68
\OT1/cmr/m/n/10 tic-u-larly at-trac-tive for large in-door spaces. Third, WiGEM

 []

)
(C:\Users\abgoswam\Dropbox\Localization-PaperWriteup\PaperEssentialsOnly\relate
d.tex
Underfull \hbox (badness 10000) in paragraph at lines 4--8

 []


Underfull \hbox (badness 10000) in paragraph at lines 11--13

 []

[2]
Underfull \hbox (badness 10000) in paragraph at lines 14--16

 []


Underfull \hbox (badness 10000) in paragraph at lines 20--21

 []


Underfull \vbox (badness 10000) has occurred while \output is active []

)
(C:\Users\abgoswam\Dropbox\Localization-PaperWriteup\PaperEssentialsOnly\gmm.te
x
Overfull \hbox (8.1255pt too wide) in paragraph at lines 22--1
\OT1/cmr/m/n/10 tri-bu-tion of this work is to de-velop an al-go-rithm, WiGEM,
 []

File: Figs4Paper/NewGaussian/distr7.eps Graphic file (type eps)
<Figs4Paper/NewGaussian/distr7.eps>
File: Figs4Paper/NewGaussian/qqplot2.eps Graphic file (type eps)
 <Figs4Paper/NewGaussian/qqplot2.eps>
[3]
Overfull \hbox (11.79211pt too wide) in paragraph at lines 36--40
[][]\OT1/cmr/m/n/10 The Gaus-sian as-sump-tion makes our ap-proach amenable
 []

LaTeX Font Info:    Try loading font information for OMS+cmr on input line 44.
("C:\Program Files\MiKTeX 2.9\tex\latex\base\omscmr.fd"
File: omscmr.fd 1999/05/25 v2.5h Standard LaTeX font definitions
)
LaTeX Font Info:    Font shape `OMS/cmr/m/n' in size <10> not available
(Font)              Font shape `OMS/cmsy/m/n' tried instead on input line 44.
File: Figs4Paper/GMM/gmm4.eps Graphic file (type eps)

<Figs4Paper/GMM/gmm4.eps> [4]
Overfull \hbox (5.19258pt too wide) in paragraph at lines 109--112
[]\OT1/cmr/m/n/10 This lends sim-plic-ity to our model since the term $\OML/cmm
/m/it/10 p\OT1/cmr/m/n/10 (\OT1/cmr/bx/n/10 s\OMS/cmsy/m/n/10 j\OT1/cmr/bx/n/10
 x\OML/cmm/m/it/10 ; \OT1/cmr/bx/n/10 z\OT1/cmr/m/n/10 )$
 []

LaTeX Font Info:    Font shape `U/lasy/b/n' in size <7> not available
(Font)              Font shape `U/lasy/m/n' tried instead on input line 120.
LaTeX Font Info:    Font shape `U/lasy/b/n' in size <5> not available
(Font)              Font shape `U/lasy/m/n' tried instead on input line 120.

Overfull \hbox (9.13933pt too wide) in paragraph at lines 126--129
[][]\OT1/cmr/m/n/10 Putting equa-tions 7[] and 10[] to-gether we get the margin
al
 []

)
(C:\Users\abgoswam\Dropbox\Localization-PaperWriteup\PaperEssentialsOnly\em-alg
orithm.tex
Underfull \hbox (badness 10000) in paragraph at lines 13--19

 []


Overfull \hbox (1.5298pt too wide) in paragraph at lines 25--25
[] 
 []

File: Figs4Paper/CEWIT/GMM-LogLikelihood/LogLikelihood.eps Graphic file (type e
ps)
<Figs4Paper/CEWIT/GMM-LogLikelihood/LogLikelihood.eps> [5]
Underfull \hbox (badness 10000) in paragraph at lines 67--69

 []


Underfull \hbox (badness 10000) in paragraph at lines 140--141

 []

File: Figs4Paper/CEWIT/CEWIT-Map7.eps Graphic file (type eps)
<Figs4Paper/CEWIT/CEWIT-Map7.eps>
File: Figs4Paper/CSD/CSD-Map4.eps Graphic file (type eps)
 <Figs4Paper/CSD/CSD-Map4.eps>)
(C:\Users\abgoswam\Dropbox\Localization-PaperWriteup\PaperEssentialsOnly\exp-me
thods.tex [6]
Underfull \vbox (badness 8000) has occurred while \output is active []

File: Figs4Paper/CEWIT/PowerPlot4Paper_CEWIT/PwrLvlPlot_cewit.eps Graphic file 
(type eps)

<Figs4Paper/CEWIT/PowerPlot4Paper_CEWIT/PwrLvlPlot_cewit.eps>
File: Figs4Paper/CSD/PowerPlot4Paper_CSD/PwrLvlPlot_csd.eps Graphic file (type 
eps)

<Figs4Paper/CSD/PowerPlot4Paper_CSD/PwrLvlPlot_csd.eps> [7])
(C:\Users\abgoswam\Dropbox\Localization-PaperWriteup\PaperEssentialsOnly\evalua
tion.tex
File: Figs4Paper/CEWIT/LearningSize4Paper_CEWIT/LearningSetSize_cewit.eps Graph
ic file (type eps)
 <Figs4Paper/CEWIT/LearningSize4Paper_CEWIT/LearningSetSize_cewit.eps>
[8]
Overfull \hbox (8.09756pt too wide) in paragraph at lines 51--51
[]\secfnt WiGEM Ac-cu-racy With Het-ero-ge-neous De-
 []

File: Figs4Paper/CEWIT/Gem4Devices_CEWIT/4Devices_cewit.eps Graphic file (type 
eps)
<Figs4Paper/CEWIT/Gem4Devices_CEWIT/4Devices_cewit.eps>
File: Figs4Paper/CSD/Gem4Devices_CSD/4Devices_csd.eps Graphic file (type eps)

<Figs4Paper/CSD/Gem4Devices_CSD/4Devices_csd.eps>
File: Figs4Paper/CEWIT/Baseline4Paper_CEWIT/BaselineComparisonsMedianError_cewi
t.eps Graphic file (type eps)

<Figs4Paper/CEWIT/Baseline4Paper_CEWIT/BaselineComparisonsMedianError_cewit.eps
>
File: Figs4Paper/CSD/Baseline4Paper_CSD/BaselineComparisonsMedianError_csd.eps 
Graphic file (type eps)
 <Figs4Paper/CSD/Baseline4Paper_CSD/BaselineComparisonsMedianError_csd.eps>
File: Figs4Paper/CEWIT/HRComparisons4Paper_CEWIT/HRComparisonsMedianError_Proba
bilistic_cewit.eps Graphic file (type eps)

<Figs4Paper/CEWIT/HRComparisons4Paper_CEWIT/HRComparisonsMedianError_Probabilis
tic_cewit.eps>
File: Figs4Paper/CEWIT/HRComparisons4Paper_CEWIT/HRComparisonsMedianError_RADAR
_cewit.eps Graphic file (type eps)

<Figs4Paper/CEWIT/HRComparisons4Paper_CEWIT/HRComparisonsMedianError_RADAR_cewi
t.eps>
File: Figs4Paper/CSD/HRComparisons4Paper_CSD/HRComparisonsMedianError_Probabili
stic_csd.eps Graphic file (type eps)

<Figs4Paper/CSD/HRComparisons4Paper_CSD/HRComparisonsMedianError_Probabilistic_
csd.eps>
File: Figs4Paper/CSD/HRComparisons4Paper_CSD/HRComparisonsMedianError_RADAR_csd
.eps Graphic file (type eps)

<Figs4Paper/CSD/HRComparisons4Paper_CSD/HRComparisonsMedianError_RADAR_csd.eps>

Overfull \hbox (2.95863pt too wide) in paragraph at lines 143--144
[][]\OT1/cmr/m/n/10 For all three tech-niques we present here, viz., WiGEM,
 []

File: Figs4Paper/CEWIT/MobilityPlot4paper_CEWIT/Mobility_cewit.eps Graphic file
 (type eps)
<Figs4Paper/CEWIT/MobilityPlot4paper_CEWIT/Mobility_cewit.eps>
File: Figs4Paper/CSD/MobilityPlot4paper_CSD/Mobility_csd.eps Graphic file (type
 eps)

<Figs4Paper/CSD/MobilityPlot4paper_CSD/Mobility_csd.eps> [9] [10]
Overfull \hbox (3.09651pt too wide) in paragraph at lines 192--196
[][]\OT1/cmr/m/n/10 On the other hand, WiGEM can-not match RADAR
 []


Overfull \hbox (6.02818pt too wide) in paragraph at lines 192--196
\OT1/cmr/m/n/10 and Prob-a-bilis-tic for their most fa-vor-able case (same
 []


Overfull \hbox (1.9726pt too wide) in paragraph at lines 198--204
[][]\OT1/cmr/m/n/10 When the gran-u-lar-ity of train-ing is coarse, RADAR
 []

)
(C:\Users\abgoswam\Dropbox\Localization-PaperWriteup\PaperEssentialsOnly\conclu
sion.tex
Overfull \hbox (24.81985pt too wide) in paragraph at lines 5--24
[][]\OT1/cmr/m/n/10 In this work, we have de-vel-oped WiGEM, an infrastructure-

 []

)
(C:\Users\abgoswam\Dropbox\Localization-PaperWriteup\PaperEssentialsOnly\main.b
bl [11]
Underfull \vbox (badness 10000) has occurred while \output is active []

Missing character: There is no Ã in font cmr10!
Missing character: There is no ¤ in font cmr10!
Missing character: There is no Ã in font cmr10!
Missing character: There is no ¤ in font cmr10!
) [12]
(C:\Users\abgoswam\Dropbox\Localization-PaperWriteup\PaperEssentialsOnly\main.a
ux) ) 
Here is how much of TeX's memory you used:
 2370 strings out of 494046
 35480 string characters out of 3148402
 98309 words of memory out of 3000000
 5585 multiletter control sequences out of 15000+200000
 38098 words of font info for 58 fonts, out of 3000000 for 9000
 715 hyphenation exceptions out of 8191
 39i,14n,39p,2019b,326s stack positions out of 5000i,500n,10000p,200000b,50000s

Output written on main.dvi (12 pages, 92432 bytes).
